Generated by configure script
BSDBuild Version: 2.8
Host: i686-pc-mingw32
Argument: --with-sdl
Argument: --enable-debug
Argument: --enable-threads
checking for a C compiler...yes, /mingw/bin/cc
checking whether the C compiler works...yes
Detected executable suffix: .exe
checking for compiler warning options.../mingw/bin/cc   -Wall -Werror -o ./conftest conftest.c 
yes
checking for gcc.../mingw/bin/cc  -Wall -Werror  -o ./conftest conftest.c 
yes
checking for IEEE754 floating point.../mingw/bin/cc  -Wall -Werror  -o ./conftest conftest.c 
conftest.c: In function 'main':
conftest.c:5:9: error: variable 'd' set but not used [-Werror=unused-but-set-variable]
conftest.c:4:8: error: variable 'f' set but not used [-Werror=unused-but-set-variable]
cc1.exe: all warnings being treated as errors

-> failed (0)
no
checking aligned attribute.../mingw/bin/cc  -Wall -Werror -Wall -Werror -o ./conftest conftest.c
yes
checking bounded attribute.../mingw/bin/cc  -Wall -Werror  -o ./conftest conftest.c 
conftest.c:1:1: error: '__bounded__' attribute directive ignored [-Werror=attributes]
cc1.exe: all warnings being treated as errors

-> failed (0)
no
checking const attribute.../mingw/bin/cc  -Wall -Werror  -o ./conftest conftest.c
yes
checking deprecated attribute.../mingw/bin/cc  -Wall -Werror  -o ./conftest conftest.c
yes
checking format attribute.../mingw/bin/cc  -Wall -Werror  -o ./conftest conftest.c 
yes
checking nonnull attribute.../mingw/bin/cc  -Wall -Werror -Wall -Werror -o ./conftest conftest.c
yes
checking noreturn attribute.../mingw/bin/cc  -Wall -Werror  -o ./conftest conftest.c
yes
checking packed attribute.../mingw/bin/cc  -Wall -Werror -Wall -Werror -o ./conftest conftest.c
yes
checking pure attribute.../mingw/bin/cc  -Wall -Werror  -o ./conftest conftest.c
yes
checking warn_unused_result attribute.../mingw/bin/cc  -Wall -Werror  -o ./conftest conftest.c
yes
checking for long double.../mingw/bin/cc  -Wall -Werror -o ./conftest conftest.c
conftest.c: In function 'main':
conftest.c:4:14: error: variable 'ld' set but not used [-Werror=unused-but-set-variable]
cc1.exe: all warnings being treated as errors

-> failed (0)
no
checking for long long.../mingw/bin/cc  -Wall -Werror -o ./conftest conftest.c
conftest.c: In function 'main':
conftest.c:5:21: error: variable 'ull' set but not used [-Werror=unused-but-set-variable]
conftest.c:4:12: error: variable 'll' set but not used [-Werror=unused-but-set-variable]
cc1.exe: all warnings being treated as errors

-> failed (0)
no
checking for cygwin environment.../mingw/bin/cc  -Wall -Werror -mcygwin -o ./conftest conftest.c
cc1.exe: error: unrecognized command line option '-mcygwin'
-> failed (0)
no
checking for <sys/types.h>.../mingw/bin/cc  -Wall -Werror  -o ./conftest conftest.c 
yes
checking for 64-bit types.../mingw/bin/cc  -Wall -Werror  -o ./conftest conftest.c 
conftest.c: In function 'main':
conftest.c:3:2: error: unknown type name 'int64_t'
conftest.c:4:2: error: unknown type name 'u_int64_t'
conftest.c:4:12: error: variable 'u64' set but not used [-Werror=unused-but-set-variable]
conftest.c:3:10: error: variable 'i64' set but not used [-Werror=unused-but-set-variable]
cc1.exe: all warnings being treated as errors

-> failed (0)
no
checking for conflicting typedefs.../mingw/bin/cc  -Wall -Werror  -o ./conftest conftest.c 
conftest.c: In function 'main':
conftest.c:3:2: error: unknown type name 'Uchar'
conftest.c:4:2: error: unknown type name 'Uint'
conftest.c:5:2: error: unknown type name 'Ulong'
conftest.c:5:8: error: variable 'baz' set but not used [-Werror=unused-but-set-variable]
conftest.c:4:7: error: variable 'bar' set but not used [-Werror=unused-but-set-variable]
conftest.c:3:8: error: variable 'foo' set but not used [-Werror=unused-but-set-variable]
cc1.exe: all warnings being treated as errors

-> failed (0)
no
checking for <stdlib.h>.../mingw/bin/cc  -Wall -Werror  -o ./conftest conftest.c 
yes
checking for <unistd.h>.../mingw/bin/cc  -Wall -Werror  -o ./conftest conftest.c 
conftest.c: In function 'main':
conftest.c:4:2: error: unknown type name 'uid_t'
conftest.c:7:2: error: implicit declaration of function 'getuid' [-Werror=implicit-function-declaration]
conftest.c:5:8: error: variable 'pid' set but not used [-Werror=unused-but-set-variable]
conftest.c:4:8: error: variable 'uid' set but not used [-Werror=unused-but-set-variable]
cc1.exe: all warnings being treated as errors

-> failed (0)
no
checking for compatible <limits.h>.../mingw/bin/cc  -Wall -Werror  -o ./conftest conftest.c 
conftest.c: In function 'main':
conftest.c:7:16: error: variable 'ul' set but not used [-Werror=unused-but-set-variable]
conftest.c:6:7: error: variable 'l' set but not used [-Werror=unused-but-set-variable]
conftest.c:5:11: error: variable 'u' set but not used [-Werror=unused-but-set-variable]
conftest.c:4:6: error: variable 'i' set but not used [-Werror=unused-but-set-variable]
cc1.exe: all warnings being treated as errors

-> failed (0)
no
checking for compatible <float.h>.../mingw/bin/cc  -Wall -Werror  -o ./conftest conftest.c 
yes
checking for the __progname variable.../mingw/bin/cc  -Wall -Werror -o ./conftest conftest.c
C:\DOCUME~1\Erwin\LOCALS~1\Temp\cc4ugwAJ.o:conftest.c:(.text+0xf): undefined reference to `__progname'
collect2: ld returned 1 exit status
-> failed (0)
no
checking for the C math library.../mingw/bin/cc  -Wall -Werror   -o ./conftest conftest.c -lm
yes
checking for the C math library (C99).../mingw/bin/cc  -Wall -Werror   -o ./conftest conftest.c -lm
yes
checking for a getpwuid() function.../mingw/bin/cc  -Wall -Werror -o ./conftest conftest.c
conftest.c:2:17: fatal error: pwd.h: No such file or directory
compilation terminated.
-> failed (0)
no
checking for a getuid() function.../mingw/bin/cc  -Wall -Werror -o ./conftest conftest.c
conftest.c: In function 'main':
conftest.c:7:2: error: unknown type name 'uid_t'
conftest.c:9:2: error: implicit declaration of function 'getuid' [-Werror=implicit-function-declaration]
conftest.c:7:8: error: variable 'uid' set but not used [-Werror=unused-but-set-variable]
cc1.exe: all warnings being treated as errors

-> failed (0)
no
checking for a strsep() function.../mingw/bin/cc  -Wall -Werror -o ./conftest conftest.c
conftest.c: In function 'main':
conftest.c:5:2: error: implicit declaration of function 'strsep' [-Werror=implicit-function-declaration]
cc1.exe: all warnings being treated as errors

-> failed (0)
no
checking for the snprintf() function.../mingw/bin/cc  -Wall -Werror -o ./conftest conftest.c
yes
checking for the vsnprintf() function.../mingw/bin/cc  -Wall -Werror -o ./conftest conftest.c
yes
checking for a vasprintf() function.../mingw/bin/cc  -Wall -Werror -D_GNU_SOURCE -o ./conftest conftest.c
conftest.c: In function 'testprintf':
conftest.c:11:2: error: implicit declaration of function 'vasprintf' [-Werror=implicit-function-declaration]
cc1.exe: all warnings being treated as errors

-> failed (0)
no
checking for the signal() function.../mingw/bin/cc  -Wall -Werror -o ./conftest conftest.c
yes
checking for setjmp() and longjmp().../mingw/bin/cc  -Wall -Werror -o ./conftest conftest.c
yes
checking for a strtoll() function.../mingw/bin/cc  -Wall -Werror -o ./conftest conftest.c
conftest.c: In function 'main':
conftest.c:6:16: error: variable 'lli' set but not used [-Werror=unused-but-set-variable]
cc1.exe: all warnings being treated as errors

-> failed (0)
no
checking for a strtold() function...skipping (no long double)
checking for byte order.../mingw/bin/cc   -o ./conftest conftest.c
little-endian
checking for dlopen() interface.../mingw/bin/cc  -Wall -Werror -o ./conftest conftest.c
conftest.c:2:19: fatal error: dlfcn.h: No such file or directory
compilation terminated.
-> failed (0)
/mingw/bin/cc  -Wall -Werror -o ./conftest conftest.c
conftest.c: In function 'main':
conftest.c:10:2: error: implicit declaration of function 'dlopen' [-Werror=implicit-function-declaration]
conftest.c:10:9: error: assignment makes pointer from integer without a cast [-Werror]
conftest.c:11:2: error: implicit declaration of function 'dlerror' [-Werror=implicit-function-declaration]
conftest.c:11:8: error: assignment makes pointer from integer without a cast [-Werror]
conftest.c:12:2: error: implicit declaration of function 'dlsym' [-Werror=implicit-function-declaration]
conftest.c:9:8: error: variable 'error' set but not used [-Werror=unused-but-set-variable]
cc1.exe: all warnings being treated as errors

-> failed (0)
no
checking for dlopen() in -ldl.../mingw/bin/cc  -Wall -Werror -ldl -o ./conftest conftest.c
conftest.c: In function 'main':
conftest.c:10:2: error: implicit declaration of function 'dlopen' [-Werror=implicit-function-declaration]
conftest.c:10:9: error: assignment makes pointer from integer without a cast [-Werror]
conftest.c:11:2: error: implicit declaration of function 'dlerror' [-Werror=implicit-function-declaration]
conftest.c:11:8: error: assignment makes pointer from integer without a cast [-Werror]
conftest.c:12:2: error: implicit declaration of function 'dlsym' [-Werror=implicit-function-declaration]
conftest.c:9:8: error: variable 'error' set but not used [-Werror=unused-but-set-variable]
cc1.exe: all warnings being treated as errors

-> failed (0)
no
checking for dyld interface.../mingw/bin/cc  -Wall -Werror -o ./conftest conftest.c
conftest.c:2:25: fatal error: mach-o/dyld.h: No such file or directory
compilation terminated.
-> failed (0)
/mingw/bin/cc  -Wall -Werror -o ./conftest conftest.c
conftest.c: In function 'main':
conftest.c:7:2: error: unknown type name 'NSObjectFileImage'
conftest.c:8:2: error: unknown type name 'NSObjectFileImageReturnCode'
conftest.c:10:2: error: implicit declaration of function 'NSCreateObjectFileImageFromFile' [-Werror=implicit-function-declaration]
conftest.c:11:16: error: 'NSObjectFileImageSuccess' undeclared (first use in this function)
conftest.c:11:16: note: each undeclared identifier is reported only once for each function it appears in
conftest.c:12:1: error: control reaches end of non-void function [-Werror=return-type]
cc1.exe: all warnings being treated as errors

-> failed (0)
no
checking for shl_load() interface.../mingw/bin/cc  -Wall -Werror -o ./conftest conftest.c
conftest.c:2:16: fatal error: dl.h: No such file or directory
compilation terminated.
-> failed (0)
/mingw/bin/cc  -Wall -Werror -ldld -o ./conftest conftest.c
conftest.c: In function 'main':
conftest.c:11:2: error: implicit declaration of function 'shl_load' [-Werror=implicit-function-declaration]
conftest.c:11:30: error: 'BIND_IMMEDIATE' undeclared (first use in this function)
conftest.c:11:30: note: each undeclared identifier is reported only once for each function it appears in
conftest.c:12:2: error: implicit declaration of function 'shl_findsym' [-Werror=implicit-function-declaration]
conftest.c:12:21: error: 'shl_t' undeclared (first use in this function)
conftest.c:12:28: error: expected expression before ')' token
conftest.c:13:28: error: expected expression before ')' token
conftest.c:14:2: error: implicit declaration of function 'shl_unload' [-Werror=implicit-function-declaration]
conftest.c:14:20: error: expected ')' before 'handle'
conftest.c:9:9: error: unused variable 'p' [-Werror=unused-variable]
conftest.c:8:8: error: variable 'handle' set but not used [-Werror=unused-but-set-variable]
cc1.exe: all warnings being treated as errors

-> failed (0)
no
checking for the gettimeofday() function...not checking (mingw32 issues)
checking for the select() interface.../mingw/bin/cc  -Wall -Werror -o ./conftest conftest.c
conftest.c: In function 'main':
conftest.c:15:2: error: implicit declaration of function 'select' [-Werror=implicit-function-declaration]
cc1.exe: all warnings being treated as errors

-> failed (0)
no
checking for a setproctitle() function.../mingw/bin/cc  -Wall -Werror -o ./conftest conftest.c
conftest.c: In function 'main':
conftest.c:7:2: error: implicit declaration of function 'setproctitle' [-Werror=implicit-function-declaration]
cc1.exe: all warnings being treated as errors

-> failed (0)
no
checking for a syslog() function.../mingw/bin/cc  -Wall -Werror -o ./conftest conftest.c
conftest.c:1:20: fatal error: syslog.h: No such file or directory
compilation terminated.
-> failed (0)
no
checking for syslog_r().../mingw/bin/cc  -Wall -Werror -o ./conftest conftest.c
conftest.c:1:20: fatal error: syslog.h: No such file or directory
compilation terminated.
-> failed (0)
no
checking for vsyslog().../mingw/bin/cc  -Wall -Werror -o ./conftest conftest.c
conftest.c:1:20: fatal error: syslog.h: No such file or directory
compilation terminated.
-> failed (0)
no
checking for vsyslog_r().../mingw/bin/cc  -Wall -Werror -o ./conftest conftest.c
conftest.c:1:20: fatal error: syslog.h: No such file or directory
compilation terminated.
-> failed (0)
no
checking for the glob() function.../mingw/bin/cc  -Wall -Werror -o ./conftest conftest.c
conftest.c:1:18: fatal error: glob.h: No such file or directory
compilation terminated.
-> failed (0)
no
checking for the getopt() function.../mingw/bin/cc  -Wall -Werror -o ./conftest conftest.c
conftest.c: In function 'main':
conftest.c:10:17: error: 'NULL' undeclared (first use in this function)
conftest.c:10:17: note: each undeclared identifier is reported only once for each function it appears in
conftest.c:6:9: error: variable 'x' set but not used [-Werror=unused-but-set-variable]
cc1.exe: all warnings being treated as errors

-> failed (0)
no
checking for the execvp() function.../mingw/bin/cc  -Wall -Werror -o ./conftest conftest.c
conftest.c: In function 'main':
conftest.c:10:12: error: 'NULL' undeclared (first use in this function)
conftest.c:10:12: note: each undeclared identifier is reported only once for each function it appears in
conftest.c:12:2: error: passing argument 2 of 'execvp' from incompatible pointer type [-Werror]
c:\mingw\bin\../lib/gcc/mingw32/4.6.2/../../../../include/process.h:120:42: note: expected 'const char * const*' but argument is of type 'char **'
cc1.exe: all warnings being treated as errors

-> failed (0)
no
checking for clock_gettime() interface (w/o -lrt).../mingw/bin/cc  -Wall -Werror  -o ./conftest conftest.c 
conftest.c: In function 'main':
conftest.c:5:18: error: storage size of 'ts' isn't known
conftest.c:6:2: error: implicit declaration of function 'clock_gettime' [-Werror=implicit-function-declaration]
conftest.c:6:16: error: 'CLOCK_REALTIME' undeclared (first use in this function)
conftest.c:6:16: note: each undeclared identifier is reported only once for each function it appears in
conftest.c:5:18: error: unused variable 'ts' [-Werror=unused-variable]
cc1.exe: all warnings being treated as errors

-> failed (0)
no
checking for clock_gettime() interface (with -lrt).../mingw/bin/cc  -Wall -Werror  -o ./conftest conftest.c -lrt
conftest.c: In function 'main':
conftest.c:5:18: error: storage size of 'ts' isn't known
conftest.c:6:2: error: implicit declaration of function 'clock_gettime' [-Werror=implicit-function-declaration]
conftest.c:6:16: error: 'CLOCK_REALTIME' undeclared (first use in this function)
conftest.c:6:16: note: each undeclared identifier is reported only once for each function it appears in
conftest.c:5:18: error: unused variable 'ts' [-Werror=unused-variable]
cc1.exe: all warnings being treated as errors

-> failed (0)
no
checking for winmm time interface.../mingw/bin/cc  -Wall -Werror  -o ./conftest conftest.c -lwinmm
conftest.c: In function 'main':
conftest.c:11:8: error: variable 't0' set but not used [-Werror=unused-but-set-variable]
cc1.exe: all warnings being treated as errors

-> failed (0)
no
checking for SDL (http://www.libsdl.org)...yes (1.2.15)
checking whether SDL works.../mingw/bin/cc  -D_AGAR_INTERNAL -D_BSD_SOURCE -Wall -Werror -I/usr/local/include/SDL -D_GNU_SOURCE=1 -Dmain=SDL_main -o ./conftest conftest.c -L/usr/local/lib -lmingw32 -lSDLmain -lSDL -mwindows
yes
checking for OpenGL (http://www.opengl.org)...yes
checking whether -lopengl32 works.../mingw/bin/cc  -D_AGAR_INTERNAL -D_BSD_SOURCE -Wall -Werror  -o ./conftest conftest.c -lopengl32
yes
checking whether OpenGL works.../mingw/bin/cc  -D_AGAR_INTERNAL -D_BSD_SOURCE -Wall -Werror  -o ./conftest conftest.c  -L/usr/local/lib -lopengl32
yes
checking for the X window system.../mingw/bin/cc  -D_AGAR_INTERNAL -D_BSD_SOURCE -Wall -Werror  -o ./conftest conftest.c  -lX11
conftest.c:1:22: fatal error: X11/Xlib.h: No such file or directory
compilation terminated.
-> failed (0)
no
checking for the GLX interface.../mingw/bin/cc  -D_AGAR_INTERNAL -D_BSD_SOURCE -Wall -Werror   -o ./conftest conftest.c  -L/usr/local/lib -lopengl32 
conftest.c:1:22: fatal error: X11/Xlib.h: No such file or directory
compilation terminated.
-> failed (0)
no
checking for the WGL interface.../mingw/bin/cc  -D_AGAR_INTERNAL -D_BSD_SOURCE -Wall -Werror  -o ./conftest conftest.c  -L/usr/local/lib -lopengl32 -lgdi32
yes
checking for FreeType (http://www.freetype.org)...yes (14.1.8)
checking whether FreeType works.../mingw/bin/cc  -D_AGAR_INTERNAL -D_BSD_SOURCE -Wall -Werror -I/usr/local/include/freetype2 -I/usr/local/include -o ./conftest conftest.c -L/usr/local/lib -lfreetype
yes
checking for libjpeg (ftp://ftp.uu.net/graphics/jpeg/)...no
checking for libpng (http://www.libpng.org)...no
checking for POSIX threads.../mingw/bin/cc  -D_AGAR_INTERNAL -D_BSD_SOURCE -Wall -Werror  -o ./conftest conftest.c -lpthread
yes
checking for the X/Open Threads Extension.../mingw/bin/cc  -D_AGAR_INTERNAL -D_BSD_SOURCE  -Wall -Werror -U_XOPEN_SOURCE -D_XOPEN_SOURCE=600 -o ./conftest conftest.c -lpthread
yes
checking for PTHREAD_MUTEX_RECURSIVE.../mingw/bin/cc  -D_AGAR_INTERNAL -D_BSD_SOURCE  -Wall -Werror  -o ./conftest conftest.c -lpthread
yes
checking for PTHREAD_MUTEX_RECURSIVE_NP.../mingw/bin/cc  -D_AGAR_INTERNAL -D_BSD_SOURCE  -Wall -Werror  -o ./conftest conftest.c -lpthread
yes
